2025-06-05 16:15:07,562 - semgrep.run_scan - DEBUG - semgrep version 1.2.0
2025-06-05 16:15:07,566 - semgrep.config_resolver - DEBUG - Loading local config from /home/runner/workspace/.config/.semgrep/semgrep_rules.json
2025-06-05 16:15:07,568 - semgrep.config_resolver - DEBUG - Done loading local config from /home/runner/workspace/.config/.semgrep/semgrep_rules.json
2025-06-05 16:15:07,571 - semgrep.config_resolver - DEBUG - Saving rules to /tmp/semgrep-7v4o6qm_.rules
2025-06-05 16:15:07,717 - semgrep.semgrep_core - DEBUG - Failed to open resource semgrep-core-proprietary: [Errno 2] No such file or directory: '/tmp/_MEI1z2raC/semgrep/bin/semgrep-core-proprietary'.
2025-06-05 16:15:08,132 - semgrep.rule_lang - DEBUG - semgrep-core validation response: valid=True
2025-06-05 16:15:08,132 - semgrep.rule_lang - DEBUG - semgrep-core validation succeeded
2025-06-05 16:15:08,133 - semgrep.rule_lang - DEBUG - RPC validation succeeded
2025-06-05 16:15:08,133 - semgrep.config_resolver - DEBUG - loaded 1 configs in 0.5669794082641602
2025-06-05 16:15:08,196 - semgrep.run_scan - VERBOSE - running 711 rules from 1 config /home/runner/workspace/.config/.semgrep/semgrep_rules.json_0
2025-06-05 16:15:08,196 - semgrep.run_scan - VERBOSE - No .semgrepignore found. Using default .semgrepignore rules. See the docs for the list of default ignores: https://semgrep.dev/docs/cli-usage/#ignore-files
2025-06-05 16:15:08,198 - semgrep.run_scan - VERBOSE - Rules:
2025-06-05 16:15:08,198 - semgrep.run_scan - VERBOSE - <SKIPPED DATA (too many entries; use --max-log-list-entries)>
2025-06-05 16:15:08,814 - semgrep.core_runner - DEBUG - Passing whole rules directly to semgrep_core
2025-06-05 16:15:09,019 - semgrep.core_runner - DEBUG - Running Semgrep engine with command:
2025-06-05 16:15:09,019 - semgrep.core_runner - DEBUG - /tmp/_MEI1z2raC/semgrep/bin/opengrep-core -json -rules /tmp/tmpjzoy76k7.json -j 8 -targets /tmp/tmpgqqucn31 -timeout 5 -timeout_threshold 3 -max_memory 0 -fast
2025-06-05 16:15:29,348 - semgrep.core_runner - DEBUG - --- semgrep-core stderr ---
[00.06][[34mINFO[0m]: Executed as: /tmp/_MEI1z2raC/semgrep/bin/opengrep-core -json -rules /tmp/tmpjzoy76k7.json -j 8 -targets /tmp/tmpgqqucn31 -timeout 5 -timeout_threshold 3 -max_memory 0 -fast
[00.06][[34mINFO[0m]: Version: 1.2.0
[00.06][[34mINFO[0m]: Parsing rules in /tmp/tmpjzoy76k7.json
[00.49][[34mINFO[0m]: scan: processing 468 files (skipping 0), with 454 rules (skipping 0 )
[03.61][[33mWARNING[0m]: Fixpoint timeout while performing taint analysis [rule: config..semgrep.vendored-rules.javascript.lang.security.audit.detect-non-literal-require file: client/src/components/units/ManageUserUnitDialog.tsx func: ManageUserUnitDialog:43627]
[0m[03.96][[33mWARNING[0m]: Fixpoint timeout while performing taint analysis [rule: config..semgrep.vendored-rules.javascript.lang.security.audit.detect-non-literal-require file: client/src/pages/AAR-Dashboard.tsx func: AARDashboard:46501]
[0m[04.29][[33mWARNING[0m]: Fixpoint timeout while performing taint analysis [rule: config..semgrep.vendored-rules.javascript.express.security.audit.res-render-injection file: client/src/components/aars/AARForm.tsx func: AARForm:53756]
[0m[04.66][[33mWARNING[0m]: Fixpoint timeout while performing taint analysis [rule: config..semgrep.vendored-rules.javascript.express.security.x-frame-options-misconfiguration file: client/src/pages/AAR-Dashboard.tsx func: AARDashboard:46501]
[0m[04.83][[33mWARNING[0m]: Fixpoint timeout while performing taint analysis [rule: config..semgrep.vendored-rules.javascript.express.security.cors-misconfiguration file: client/src/pages/AAR-Dashboard.tsx func: AARDashboard:46501]
[0m[04.98][[33mWARNING[0m]: Fixpoint timeout while performing taint analysis [rule: config..semgrep.vendored-rules.javascript.browser.security.js-open-redirect-from-function file: client/src/pages/AAR-Dashboard.tsx func: AARDashboard:46501]
[0m[05.44][[33mWARNING[0m]: Fixpoint timeout while performing taint analysis [rule: config..semgrep.vendored-rules.javascript.lang.security.audit.detect-non-literal-require file: client/src/components/dashboard/EventCalendar.tsx func: EventCalendar:83528]
[0m[06.45][[33mWARNING[0m]: Fixpoint timeout while performing taint analysis [rule: config..semgrep.vendored-rules.typescript.react.security.audit.react-href-var file: client/src/pages/EventDetail.tsx func: EventDetail:99969]
[0m[06.60][[33mWARNING[0m]: Fixpoint timeout while performing taint analysis [rule: config..semgrep.vendored-rules.javascript.lang.security.audit.unsafe-formatstring file: client/src/pages/EventDetail.tsx func: EventDetail:99969]
[0m[06.65][[33mWARNING[0m]: Fixpoint timeout while performing taint analysis [rule: config..semgrep.vendored-rules.javascript.lang.security.audit.path-traversal.path-join-resolve-traversal file: client/src/components/events/EventForm.tsx func: EventForm:107806]
[0m[06.74][[33mWARNING[0m]: Fixpoint timeout while performing taint analysis [rule: config..semgrep.vendored-rules.javascript.lang.security.audit.detect-non-literal-require file: client/src/pages/EventDetail.tsx func: EventDetail:99969]
[0m[06.77][[33mWARNING[0m]: Fixpoint timeout while performing taint analysis [rule: config..semgrep.vendored-rules.javascript.lang.security.audit.unsafe-formatstring file: client/src/components/events/EventForm.tsx func: EventForm:107806]
[0m[06.87][[33mWARNING[0m]: Fixpoint timeout while performing taint analysis [rule: config..semgrep.vendored-rules.javascript.lang.security.audit.detect-non-literal-require file: client/src/components/events/EventForm.tsx func: EventForm:107806]
[0m[07.06][[33mWARNING[0m]: Fixpoint timeout while performing taint analysis [rule: config..semgrep.vendored-rules.javascript.lang.security.detect-eval-with-expression file: client/src/pages/EventDetail.tsx func: EventDetail:99969]
[0m[07.26][[33mWARNING[0m]: Fixpoint timeout while performing taint analysis [rule: config..semgrep.vendored-rules.javascript.express.security.injection.tainted-sql-string file: client/src/components/events/EventForm.tsx func: EventForm:107806]
[0m[07.52][[33mWARNING[0m]: Fixpoint timeout while performing taint analysis [rule: config..semgrep.vendored-rules.javascript.express.security.injection.tainted-sql-string file: client/src/pages/EventDetail.tsx func: EventDetail:99969]
[0m[08.20][[33mWARNING[0m]: Fixpoint timeout while performing taint analysis [rule: config..semgrep.vendored-rules.javascript.express.security.injection.raw-html-format file: client/src/pages/EventDetail.tsx func: EventDetail:99969]
[0m[08.35][[33mWARNING[0m]: Fixpoint timeout while performing taint analysis [rule: config..semgrep.vendored-rules.javascript.express.security.audit.remote-property-injection file: client/src/components/events/EventForm.tsx func: EventForm:107806]
[0m[08.53][[33mWARNING[0m]: Fixpoint timeout while performing taint analysis [rule: config..semgrep.vendored-rules.javascript.express.security.injection.tainted-sql-string file: client/src/pages/UnitManagement.tsx func: UnitManagement:127606]
[0m[08.61][[33mWARNING[0m]: Fixpoint timeout while performing taint analysis [rule: config..semgrep.vendored-rules.javascript.express.security.audit.res-render-injection file: client/src/pages/EventDetail.tsx func: EventDetail:99969]
[0m[08.79][[33mWARNING[0m]: Fixpoint timeout while performing taint analysis [rule: config..semgrep.vendored-rules.javascript.express.security.injection.raw-html-format file: client/src/pages/UnitManagement.tsx func: UnitManagement:127606]
[0m[09.01][[33mWARNING[0m]: Fixpoint timeout while performing taint analysis [rule: config..semgrep.vendored-rules.javascript.express.security.audit.remote-property-injection file: client/src/pages/EventDetail.tsx func: EventDetail:99969]
[0m[09.30][[33mWARNING[0m]: Fixpoint timeout while performing taint analysis [rule: config..semgrep.vendored-rules.javascript.express.security.audit.express-ssrf file: client/src/components/events/EventForm.tsx func: EventForm:107806]
[0m[09.30][[33mWARNING[0m]: Fixpoint timeout while performing taint analysis [rule: config..semgrep.vendored-rules.javascript.express.security.express-wkhtmltoimage-injection file: client/src/pages/EventDetail.tsx func: EventDetail:99969]
[0m[09.62][[33mWARNING[0m]: Fixpoint timeout while performing taint analysis [rule: config..semgrep.vendored-rules.javascript.express.security.audit.express-path-join-resolve-traversal file: client/src/components/events/EventForm.tsx func: EventForm:107806]
[0m[09.72][[33mWARNING[0m]: Fixpoint timeout while performing taint analysis [rule: config..semgrep.vendored-rules.javascript.express.security.x-frame-options-misconfiguration file: client/src/pages/EventDetail.tsx func: EventDetail:99969]
[0m[09.99][[33mWARNING[0m]: Fixpoint timeout while performing taint analysis [rule: config..semgrep.vendored-rules.javascript.express.security.require-request file: client/src/pages/EventDetail.tsx func: EventDetail:99969]
[0m[10.07][[33mWARNING[0m]: Fixpoint timeout while performing taint analysis [rule: config..semgrep.vendored-rules.javascript.express.security.require-request file: client/src/components/events/EventForm.tsx func: EventForm:107806]
[0m[10.37][[33mWARNING[0m]: Fixpoint timeout while performing taint analysis [rule: config..semgrep.vendored-rules.javascript.express.security.express-insecure-template-usage file: client/src/pages/EventDetail.tsx func: EventDetail:99969]
[0m[10.55][[33mWARNING[0m]: Fixpoint timeout while performing taint analysis [rule: config..semgrep.vendored-rules.javascript.express.security.express-data-exfiltration file: client/src/pages/EventDetail.tsx func: EventDetail:99969]
[0m[10.95][[33mWARNING[0m]: Fixpoint timeout while performing taint analysis [rule: config..semgrep.vendored-rules.javascript.browser.security.js-open-redirect-from-function file: client/src/pages/EventDetail.tsx func: EventDetail:99969]
[0m[11.51][[33mWARNING[0m]: Fixpoint timeout while performing taint analysis [rule: config..semgrep.vendored-rules.javascript.browser.security.raw-html-concat file: client/src/pages/EventDetail.tsx func: EventDetail:99969]
[0m[13.38][[33mWARNING[0m]: Fixpoint timeout while performing taint analysis [rule: config..semgrep.vendored-rules.javascript.express.security.injection.raw-html-format file: server/routes.ts func: registerRoutes:161674]
[0m[14.36][[33mWARNING[0m]: Fixpoint timeout while performing taint analysis [rule: config..semgrep.vendored-rules.javascript.express.security.audit.xss.direct-response-write file: server/routes.ts func: registerRoutes:161674]
[0m[16.03][[33mWARNING[0m]: Fixpoint timeout while performing taint analysis [rule: config..semgrep.vendored-rules.javascript.express.security.express-wkhtmltoimage-injection file: server/routes.ts func: registerRoutes:161674]
[0m[17.09][[33mWARNING[0m]: Fixpoint timeout while performing taint analysis [rule: config..semgrep.vendored-rules.javascript.express.security.x-frame-options-misconfiguration file: server/routes.ts func: registerRoutes:161674]
[0m[17.91][[33mWARNING[0m]: Fixpoint timeout while performing taint analysis [rule: config..semgrep.vendored-rules.javascript.express.security.require-request file: server/routes.ts func: registerRoutes:161674]
[0m[18.82][[33mWARNING[0m]: Fixpoint timeout while performing taint analysis [rule: config..semgrep.vendored-rules.javascript.express.security.express-data-exfiltration file: server/routes.ts func: registerRoutes:161674]
[0m[19.68][[33mWARNING[0m]: Fixpoint timeout while performing taint analysis [rule: config..semgrep.vendored-rules.javascript.express.security.cors-misconfiguration file: server/routes.ts func: registerRoutes:161674]
[0m[20.27][[34mINFO[0m]: Custom ignore pattern: None
[20.27][[34mINFO[0m]: Custom ignore pattern: None
--- end semgrep-core stderr ---
2025-06-05 16:15:29,427 - semgrep.rule_match - DEBUG - match_key = ('', PosixPath('client/index.html'), 'config..semgrep.vendored-rules.html.security.audit.missing-integrity') match_id = 0ee74fd49637bebe183eca7188dbde26e386314e62cc2e7ba1ee60b377b638243fcd84e6c6fa04886198ccacfa6a711bfbcc61a28f9ddc913d5b3c53083cbc90_0
2025-06-05 16:15:29,428 - semgrep.rule_match - DEBUG - match_key = (' type="text/javascript" src="https://replit.com/public/js/replit-dev-banner.js" (?is).*integrity= (google-analytics\\.com|fonts\\.googleapis\\.com|fonts\\.gstatic\\.com|googletagmanager\\.com) .*rel\\s*=\\s*[\'"]?preconnect.* href="... :// ..." href="//..." href=\'... :// ...\' href=\'//...\' src="... :// ..." src="//..." src=\'... :// ...\' src=\'//...\' <link  type="text/javascript" src="https://replit.com/public/js/replit-dev-banner.js" > <script  type="text/javascript" src="https://replit.com/public/js/replit-dev-banner.js" >...</script>', PosixPath('client/index.html'), 'config..semgrep.vendored-rules.html.security.audit.missing-integrity') match_id = 0728b64e224596592d04447ba8a642ff94e1fb9fcc07be26d49dc7e7f6898e638ad16ffcaca086932c58f4c6400fe32603323afef02cf9bfebcb0e4a53562a40_0
2025-06-05 16:15:29,428 - semgrep.rule_match - DEBUG - match_key = (' type="text/javascript" src="https://replit.com/public/js/replit-dev-banner.js" (?is).*integrity= (google-analytics\\.com|fonts\\.googleapis\\.com|fonts\\.gstatic\\.com|googletagmanager\\.com) .*rel\\s*=\\s*[\'"]?preconnect.* href="... :// ..." href="//..." href=\'... :// ...\' href=\'//...\' src="... :// ..." src="//..." src=\'... :// ...\' src=\'//...\' <link  type="text/javascript" src="https://replit.com/public/js/replit-dev-banner.js" > <script  type="text/javascript" src="https://replit.com/public/js/replit-dev-banner.js" >...</script>', PosixPath('client/index.html'), 'config..semgrep.vendored-rules.html.security.audit.missing-integrity') match_id = 0728b64e224596592d04447ba8a642ff94e1fb9fcc07be26d49dc7e7f6898e638ad16ffcaca086932c58f4c6400fe32603323afef02cf9bfebcb0e4a53562a40_0
2025-06-05 16:15:29,429 - semgrep.rule_match - DEBUG - match_key = (' type="text/javascript" src="https://replit.com/public/js/replit-dev-banner.js" (?is).*integrity= (google-analytics\\.com|fonts\\.googleapis\\.com|fonts\\.gstatic\\.com|googletagmanager\\.com) .*rel\\s*=\\s*[\'"]?preconnect.* href="... :// ..." href="//..." href=\'... :// ...\' href=\'//...\' src="... :// ..." src="//..." src=\'... :// ...\' src=\'//...\' <link  type="text/javascript" src="https://replit.com/public/js/replit-dev-banner.js" > <script  type="text/javascript" src="https://replit.com/public/js/replit-dev-banner.js" >...</script>', PosixPath('client/index.html'), 'config..semgrep.vendored-rules.html.security.audit.missing-integrity') match_id = 0728b64e224596592d04447ba8a642ff94e1fb9fcc07be26d49dc7e7f6898e638ad16ffcaca086932c58f4c6400fe32603323afef02cf9bfebcb0e4a53562a40_0
2025-06-05 16:15:29,430 - semgrep.rule_match - DEBUG - match_key = ('', PosixPath('client/src/lib/queryClient.ts'), 'config..semgrep.vendored-rules.javascript.lang.security.audit.unsafe-formatstring') match_id = 37fb4f5b35ad6aa056d6f0ce56ce24e394a686ee4a197c0c17c2ba58da9a8f2a5c4e30542c5db4df3306bb8ce2afc85d93269072fb72a6397a91fc3e8ee5b157_0
2025-06-05 16:15:29,430 - semgrep.rule_match - DEBUG - match_key = ('"..." + "..."\n $X + $Y $X.concat($Y) `...${...}...`\n $X.concat("...")\n `Making method request to url $UTIL = require(\'util\')\n...\n $UTIL.format(`Making method request to url,data,...)\n console.log(`Making method request to url,data,...)\n', PosixPath('client/src/lib/queryClient.ts'), 'config..semgrep.vendored-rules.javascript.lang.security.audit.unsafe-formatstring') match_id = 9d7381eba5d908918c4ea82ce46f5f42290665f2a13eb7b9b16f481af65e462923983c76f9afabddfd8d39afef9db2c884d7cf64ad1189476461f65f1f6abfc5_0
2025-06-05 16:15:29,431 - semgrep.rule_match - DEBUG - match_key = ('"..." + "..."\n $X + $Y $X.concat($Y) `...${...}...`\n $X.concat("...")\n `Making method request to url $UTIL = require(\'util\')\n...\n $UTIL.format(`Making method request to url,data,...)\n console.log(`Making method request to url,data,...)\n', PosixPath('client/src/lib/queryClient.ts'), 'config..semgrep.vendored-rules.javascript.lang.security.audit.unsafe-formatstring') match_id = 9d7381eba5d908918c4ea82ce46f5f42290665f2a13eb7b9b16f481af65e462923983c76f9afabddfd8d39afef9db2c884d7cf64ad1189476461f65f1f6abfc5_0
2025-06-05 16:15:29,431 - semgrep.rule_match - DEBUG - match_key = ('"..." + "..."\n $X + $Y $X.concat($Y) `...${...}...`\n $X.concat("...")\n `Making method request to url $UTIL = require(\'util\')\n...\n $UTIL.format(`Making method request to url,data,...)\n console.log(`Making method request to url,data,...)\n', PosixPath('client/src/lib/queryClient.ts'), 'config..semgrep.vendored-rules.javascript.lang.security.audit.unsafe-formatstring') match_id = 9d7381eba5d908918c4ea82ce46f5f42290665f2a13eb7b9b16f481af65e462923983c76f9afabddfd8d39afef9db2c884d7cf64ad1189476461f65f1f6abfc5_0
2025-06-05 16:15:29,432 - semgrep.rule_match - DEBUG - match_key = ('', PosixPath('client/src/lib/queryClient.ts'), 'config..semgrep.vendored-rules.javascript.lang.security.audit.unsafe-formatstring') match_id = 37fb4f5b35ad6aa056d6f0ce56ce24e394a686ee4a197c0c17c2ba58da9a8f2a5c4e30542c5db4df3306bb8ce2afc85d93269072fb72a6397a91fc3e8ee5b157_0
2025-06-05 16:15:29,432 - semgrep.rule_match - DEBUG - match_key = ('"..." + "..."\n $X + $Y $X.concat($Y) `...${...}...`\n $X.concat("...")\n `Response from url: $UTIL = require(\'util\')\n...\n $UTIL.format(`Response from url:,res.status,...)\n console.log(`Response from url:,res.status,...)\n', PosixPath('client/src/lib/queryClient.ts'), 'config..semgrep.vendored-rules.javascript.lang.security.audit.unsafe-formatstring') match_id = 611ddee07dd4a9a2dc9e90d4a94a9e876d08382332fd3eadffeb7df3b6023d247a3d383bd7c299c1d9a171cf309fdd691d02b9354a771e5fa5a83b59ea1081a7_0
2025-06-05 16:15:29,432 - semgrep.rule_match - DEBUG - match_key = ('"..." + "..."\n $X + $Y $X.concat($Y) `...${...}...`\n $X.concat("...")\n `Response from url: $UTIL = require(\'util\')\n...\n $UTIL.format(`Response from url:,res.status,...)\n console.log(`Response from url:,res.status,...)\n', PosixPath('client/src/lib/queryClient.ts'), 'config..semgrep.vendored-rules.javascript.lang.security.audit.unsafe-formatstring') match_id = 611ddee07dd4a9a2dc9e90d4a94a9e876d08382332fd3eadffeb7df3b6023d247a3d383bd7c299c1d9a171cf309fdd691d02b9354a771e5fa5a83b59ea1081a7_0
2025-06-05 16:15:29,433 - semgrep.rule_match - DEBUG - match_key = ('"..." + "..."\n $X + $Y $X.concat($Y) `...${...}...`\n $X.concat("...")\n `Response from url: $UTIL = require(\'util\')\n...\n $UTIL.format(`Response from url:,res.status,...)\n console.log(`Response from url:,res.status,...)\n', PosixPath('client/src/lib/queryClient.ts'), 'config..semgrep.vendored-rules.javascript.lang.security.audit.unsafe-formatstring') match_id = 611ddee07dd4a9a2dc9e90d4a94a9e876d08382332fd3eadffeb7df3b6023d247a3d383bd7c299c1d9a171cf309fdd691d02b9354a771e5fa5a83b59ea1081a7_0
2025-06-05 16:15:29,433 - semgrep.rule_match - DEBUG - match_key = ('', PosixPath('client/src/lib/queryClient.ts'), 'config..semgrep.vendored-rules.javascript.lang.security.audit.unsafe-formatstring') match_id = 37fb4f5b35ad6aa056d6f0ce56ce24e394a686ee4a197c0c17c2ba58da9a8f2a5c4e30542c5db4df3306bb8ce2afc85d93269072fb72a6397a91fc3e8ee5b157_0
2025-06-05 16:15:29,434 - semgrep.rule_match - DEBUG - match_key = ('"..." + "..."\n $X + $Y $X.concat($Y) `...${...}...`\n $X.concat("...")\n `Error during method request to url: $UTIL = require(\'util\')\n...\n $UTIL.format(`Error during method request to url:,error,...)\n console.error(`Error during method request to url:,error,...)\n', PosixPath('client/src/lib/queryClient.ts'), 'config..semgrep.vendored-rules.javascript.lang.security.audit.unsafe-formatstring') match_id = aae49eeb1e6f417ce3d343783a932663b3cf5f8b8a8060fb5c2e5b7d0a7f1c309f4e7ec3b2629be3577e36e7260ec40be2e6196e084d56575fd316576b2788b6_0
2025-06-05 16:15:29,434 - semgrep.rule_match - DEBUG - match_key = ('"..." + "..."\n $X + $Y $X.concat($Y) `...${...}...`\n $X.concat("...")\n `Error during method request to url: $UTIL = require(\'util\')\n...\n $UTIL.format(`Error during method request to url:,error,...)\n console.error(`Error during method request to url:,error,...)\n', PosixPath('client/src/lib/queryClient.ts'), 'config..semgrep.vendored-rules.javascript.lang.security.audit.unsafe-formatstring') match_id = aae49eeb1e6f417ce3d343783a932663b3cf5f8b8a8060fb5c2e5b7d0a7f1c309f4e7ec3b2629be3577e36e7260ec40be2e6196e084d56575fd316576b2788b6_0
2025-06-05 16:15:29,435 - semgrep.rule_match - DEBUG - match_key = ('"..." + "..."\n $X + $Y $X.concat($Y) `...${...}...`\n $X.concat("...")\n `Error during method request to url: $UTIL = require(\'util\')\n...\n $UTIL.format(`Error during method request to url:,error,...)\n console.error(`Error during method request to url:,error,...)\n', PosixPath('client/src/lib/queryClient.ts'), 'config..semgrep.vendored-rules.javascript.lang.security.audit.unsafe-formatstring') match_id = aae49eeb1e6f417ce3d343783a932663b3cf5f8b8a8060fb5c2e5b7d0a7f1c309f4e7ec3b2629be3577e36e7260ec40be2e6196e084d56575fd316576b2788b6_0
2025-06-05 16:15:29,435 - semgrep.rule_match - DEBUG - match_key = ('', PosixPath('client/src/pages/AARDetail.tsx'), 'config..semgrep.vendored-rules.javascript.lang.security.audit.unsafe-formatstring') match_id = 8a850e64fc32e58573bff7abea9800ada4396bf4cfbd1c5508d3bbb699b9b9282c094b6bbf6d8165a1146f4f58694826f7570d07e5f4492fde3a0d69bf709407_0
2025-06-05 16:15:29,436 - semgrep.rule_match - DEBUG - match_key = ('"..." + "..."\n $X + $Y $X.concat($Y) `...${...}...`\n $X.concat("...")\n `Failed to fetch AAR #aarId: $UTIL = require(\'util\')\n...\n $UTIL.format(`Failed to fetch AAR #aarId:,await res.text(),...)\n console.error(`Failed to fetch AAR #aarId:,await res.text(),...)\n', PosixPath('client/src/pages/AARDetail.tsx'), 'config..semgrep.vendored-rules.javascript.lang.security.audit.unsafe-formatstring') match_id = c7a9f8bb6cd3ec4b5ffec7569b7328975e279be0e4227f9751efa23aafa2dcc5d8ad9db512217d49b02d8f390e6f207516c114ffea4133bc535130c6f9cd6ef3_0
2025-06-05 16:15:29,436 - semgrep.rule_match - DEBUG - match_key = ('"..." + "..."\n $X + $Y $X.concat($Y) `...${...}...`\n $X.concat("...")\n `Failed to fetch AAR #aarId: $UTIL = require(\'util\')\n...\n $UTIL.format(`Failed to fetch AAR #aarId:,await res.text(),...)\n console.error(`Failed to fetch AAR #aarId:,await res.text(),...)\n', PosixPath('client/src/pages/AARDetail.tsx'), 'config..semgrep.vendored-rules.javascript.lang.security.audit.unsafe-formatstring') match_id = c7a9f8bb6cd3ec4b5ffec7569b7328975e279be0e4227f9751efa23aafa2dcc5d8ad9db512217d49b02d8f390e6f207516c114ffea4133bc535130c6f9cd6ef3_0
2025-06-05 16:15:29,436 - semgrep.rule_match - DEBUG - match_key = ('"..." + "..."\n $X + $Y $X.concat($Y) `...${...}...`\n $X.concat("...")\n `Failed to fetch AAR #aarId: $UTIL = require(\'util\')\n...\n $UTIL.format(`Failed to fetch AAR #aarId:,await res.text(),...)\n console.error(`Failed to fetch AAR #aarId:,await res.text(),...)\n', PosixPath('client/src/pages/AARDetail.tsx'), 'config..semgrep.vendored-rules.javascript.lang.security.audit.unsafe-formatstring') match_id = c7a9f8bb6cd3ec4b5ffec7569b7328975e279be0e4227f9751efa23aafa2dcc5d8ad9db512217d49b02d8f390e6f207516c114ffea4133bc535130c6f9cd6ef3_0
2025-06-05 16:15:29,437 - semgrep.rule_match - DEBUG - match_key = ('', PosixPath('client/src/pages/AARDetail.tsx'), 'config..semgrep.vendored-rules.javascript.lang.security.audit.unsafe-formatstring') match_id = 8a850e64fc32e58573bff7abea9800ada4396bf4cfbd1c5508d3bbb699b9b9282c094b6bbf6d8165a1146f4f58694826f7570d07e5f4492fde3a0d69bf709407_0
2025-06-05 16:15:29,437 - semgrep.rule_match - DEBUG - match_key = ('"..." + "..."\n $X + $Y $X.concat($Y) `...${...}...`\n $X.concat("...")\n `Failed to fetch Event #aar.eventId: $UTIL = require(\'util\')\n...\n $UTIL.format(`Failed to fetch Event #aar.eventId:,await res.text(),...)\n console.error(`Failed to fetch Event #aar.eventId:,await res.text(),...)\n', PosixPath('client/src/pages/AARDetail.tsx'), 'config..semgrep.vendored-rules.javascript.lang.security.audit.unsafe-formatstring') match_id = 55da2214e6846b16251a683fd357abf360727195d15b628dbe53a8433828b753934fe69fea97a2230fd515b6312975425d6f8a53c6af799cc98381d239e69532_0
2025-06-05 16:15:29,438 - semgrep.rule_match - DEBUG - match_key = ('"..." + "..."\n $X + $Y $X.concat($Y) `...${...}...`\n $X.concat("...")\n `Failed to fetch Event #aar.eventId: $UTIL = require(\'util\')\n...\n $UTIL.format(`Failed to fetch Event #aar.eventId:,await res.text(),...)\n console.error(`Failed to fetch Event #aar.eventId:,await res.text(),...)\n', PosixPath('client/src/pages/AARDetail.tsx'), 'config..semgrep.vendored-rules.javascript.lang.security.audit.unsafe-formatstring') match_id = 55da2214e6846b16251a683fd357abf360727195d15b628dbe53a8433828b753934fe69fea97a2230fd515b6312975425d6f8a53c6af799cc98381d239e69532_0
2025-06-05 16:15:29,439 - semgrep.rule_match - DEBUG - match_key = ('"..." + "..."\n $X + $Y $X.concat($Y) `...${...}...`\n $X.concat("...")\n `Failed to fetch Event #aar.eventId: $UTIL = require(\'util\')\n...\n $UTIL.format(`Failed to fetch Event #aar.eventId:,await res.text(),...)\n console.error(`Failed to fetch Event #aar.eventId:,await res.text(),...)\n', PosixPath('client/src/pages/AARDetail.tsx'), 'config..semgrep.vendored-rules.javascript.lang.security.audit.unsafe-formatstring') match_id = 55da2214e6846b16251a683fd357abf360727195d15b628dbe53a8433828b753934fe69fea97a2230fd515b6312975425d6f8a53c6af799cc98381d239e69532_0
2025-06-05 16:15:29,439 - semgrep.rule_match - DEBUG - match_key = ('', PosixPath('client/src/pages/AARs.tsx'), 'config..semgrep.vendored-rules.javascript.lang.security.audit.unsafe-formatstring') match_id = 0044ba7ae159bb928457e0aad2f9e0b60bc160bcd4d896e4045a07b4e8d3ca9f4108761bbaeb76c6aeab9b95132f7bccb64f268f4def25986e91fe656afd7b8c_0
2025-06-05 16:15:29,440 - semgrep.rule_match - DEBUG - match_key = ('"..." + "..."\n $X + $Y $X.concat($Y) `...${...}...`\n $X.concat("...")\n `Found event for AAR aar.id: $UTIL = require(\'util\')\n...\n $UTIL.format(`Found event for AAR aar.id:,event.title,...)\n console.log(`Found event for AAR aar.id:,event.title,...)\n', PosixPath('client/src/pages/AARs.tsx'), 'config..semgrep.vendored-rules.javascript.lang.security.audit.unsafe-formatstring') match_id = 19adc9e48a4cf4dff73502da79a76fb3856e92ce024c9cc3ec25d543094b13d177c3afe1e12b0c4aa80e9e7fd53db8e5a455f7f234c12ce9e75e460b8f2498d6_0
2025-06-05 16:15:29,440 - semgrep.rule_match - DEBUG - match_key = ('"..." + "..."\n $X + $Y $X.concat($Y) `...${...}...`\n $X.concat("...")\n `Found event for AAR aar.id: $UTIL = require(\'util\')\n...\n $UTIL.format(`Found event for AAR aar.id:,event.title,...)\n console.log(`Found event for AAR aar.id:,event.title,...)\n', PosixPath('client/src/pages/AARs.tsx'), 'config..semgrep.vendored-rules.javascript.lang.security.audit.unsafe-formatstring') match_id = 19adc9e48a4cf4dff73502da79a76fb3856e92ce024c9cc3ec25d543094b13d177c3afe1e12b0c4aa80e9e7fd53db8e5a455f7f234c12ce9e75e460b8f2498d6_0
2025-06-05 16:15:29,441 - semgrep.rule_match - DEBUG - match_key = ('"..." + "..."\n $X + $Y $X.concat($Y) `...${...}...`\n $X.concat("...")\n `Found event for AAR aar.id: $UTIL = require(\'util\')\n...\n $UTIL.format(`Found event for AAR aar.id:,event.title,...)\n console.log(`Found event for AAR aar.id:,event.title,...)\n', PosixPath('client/src/pages/AARs.tsx'), 'config..semgrep.vendored-rules.javascript.lang.security.audit.unsafe-formatstring') match_id = 19adc9e48a4cf4dff73502da79a76fb3856e92ce024c9cc3ec25d543094b13d177c3afe1e12b0c4aa80e9e7fd53db8e5a455f7f234c12ce9e75e460b8f2498d6_0
2025-06-05 16:15:29,441 - semgrep.rule_match - DEBUG - match_key = ('', PosixPath('scripts/create-aars.js'), 'config..semgrep.vendored-rules.javascript.lang.security.audit.unsafe-formatstring') match_id = 84533bebf0516f4d9698fb352e1198f56d2268fc3f765d4377e1585c1e77f8b064d7f62f35bf9a4365180eabf28e3782ccf99654b22e70f02536b7e6baa5f593_0
2025-06-05 16:15:29,442 - semgrep.rule_match - DEBUG - match_key = ('"..." + "..."\n $X + $Y $X.concat($Y) `...${...}...`\n $X.concat("...")\n `Failed to create AAR for user user.name: $UTIL = require(\'util\')\n...\n $UTIL.format(`Failed to create AAR for user user.name:,error.response?.?.data||error.message,...)\n console.error(`Failed to create AAR for user user.name:,error.response?.?.data||error.message,...)\n', PosixPath('scripts/create-aars.js'), 'config..semgrep.vendored-rules.javascript.lang.security.audit.unsafe-formatstring') match_id = 2da0b0084d1d5371665a3966898bf8ffd3b61a8df21b7b069f823443bd7eb58cce2efaf9dec21542162c183572011f98949cdc0967870028747ea78d25c0936d_0
2025-06-05 16:15:29,442 - semgrep.rule_match - DEBUG - match_key = ('"..." + "..."\n $X + $Y $X.concat($Y) `...${...}...`\n $X.concat("...")\n `Failed to create AAR for user user.name: $UTIL = require(\'util\')\n...\n $UTIL.format(`Failed to create AAR for user user.name:,error.response?.?.data||error.message,...)\n console.error(`Failed to create AAR for user user.name:,error.response?.?.data||error.message,...)\n', PosixPath('scripts/create-aars.js'), 'config..semgrep.vendored-rules.javascript.lang.security.audit.unsafe-formatstring') match_id = 2da0b0084d1d5371665a3966898bf8ffd3b61a8df21b7b069f823443bd7eb58cce2efaf9dec21542162c183572011f98949cdc0967870028747ea78d25c0936d_0
2025-06-05 16:15:29,443 - semgrep.rule_match - DEBUG - match_key = ('"..." + "..."\n $X + $Y $X.concat($Y) `...${...}...`\n $X.concat("...")\n `Failed to create AAR for user user.name: $UTIL = require(\'util\')\n...\n $UTIL.format(`Failed to create AAR for user user.name:,error.response?.?.data||error.message,...)\n console.error(`Failed to create AAR for user user.name:,error.response?.?.data||error.message,...)\n', PosixPath('scripts/create-aars.js'), 'config..semgrep.vendored-rules.javascript.lang.security.audit.unsafe-formatstring') match_id = 2da0b0084d1d5371665a3966898bf8ffd3b61a8df21b7b069f823443bd7eb58cce2efaf9dec21542162c183572011f98949cdc0967870028747ea78d25c0936d_0
2025-06-05 16:15:29,444 - semgrep.rule_match - DEBUG - match_key = ('', PosixPath('scripts/create-aars.mjs'), 'config..semgrep.vendored-rules.javascript.lang.security.audit.unsafe-formatstring') match_id = aaa52efd7098b080ddfc4728f83933a28e7e903c56820ed31051afd45585610ddfa1fe05c5e7d71c55e4370bf2db888f2c940adcb9272a2c967ac936b793f6f1_0
2025-06-05 16:15:29,444 - semgrep.rule_match - DEBUG - match_key = ('"..." + "..."\n $X + $Y $X.concat($Y) `...${...}...`\n $X.concat("...")\n `Failed to create AAR for user user.id: $UTIL = require(\'util\')\n...\n $UTIL.format(`Failed to create AAR for user user.id:,err,...)\n console.error(`Failed to create AAR for user user.id:,err,...)\n', PosixPath('scripts/create-aars.mjs'), 'config..semgrep.vendored-rules.javascript.lang.security.audit.unsafe-formatstring') match_id = e68e684a137a24a2e78c1a960028c5078531d509ae7fc7cc1887b5b92f621e757c1712113479e0340c6f7424bbff6113505894555247745df73b031dde8bf1ad_0
2025-06-05 16:15:29,445 - semgrep.rule_match - DEBUG - match_key = ('"..." + "..."\n $X + $Y $X.concat($Y) `...${...}...`\n $X.concat("...")\n `Failed to create AAR for user user.id: $UTIL = require(\'util\')\n...\n $UTIL.format(`Failed to create AAR for user user.id:,err,...)\n console.error(`Failed to create AAR for user user.id:,err,...)\n', PosixPath('scripts/create-aars.mjs'), 'config..semgrep.vendored-rules.javascript.lang.security.audit.unsafe-formatstring') match_id = e68e684a137a24a2e78c1a960028c5078531d509ae7fc7cc1887b5b92f621e757c1712113479e0340c6f7424bbff6113505894555247745df73b031dde8bf1ad_0
2025-06-05 16:15:29,445 - semgrep.rule_match - DEBUG - match_key = ('"..." + "..."\n $X + $Y $X.concat($Y) `...${...}...`\n $X.concat("...")\n `Failed to create AAR for user user.id: $UTIL = require(\'util\')\n...\n $UTIL.format(`Failed to create AAR for user user.id:,err,...)\n console.error(`Failed to create AAR for user user.id:,err,...)\n', PosixPath('scripts/create-aars.mjs'), 'config..semgrep.vendored-rules.javascript.lang.security.audit.unsafe-formatstring') match_id = e68e684a137a24a2e78c1a960028c5078531d509ae7fc7cc1887b5b92f621e757c1712113479e0340c6f7424bbff6113505894555247745df73b031dde8bf1ad_0
2025-06-05 16:15:29,446 - semgrep.rule_match - DEBUG - match_key = ('', PosixPath('server/routes.ts'), 'config..semgrep.vendored-rules.javascript.lang.security.audit.unsafe-formatstring') match_id = e24e3288a32c9ad4921da20b227a0587a0596856ea79e7c29c73137fde834094f382cf9604ac765ec32471f83cf1196712bec140c3a2b18c933a6c2a040a826f_0
2025-06-05 16:15:29,447 - semgrep.rule_match - DEBUG - match_key = ('"..." + "..."\n $X + $Y $X.concat($Y) `...${...}...`\n $X.concat("...")\n `Error getting event by ID req.params.id: $UTIL = require(\'util\')\n...\n $UTIL.format(`Error getting event by ID req.params.id:,error,...)\n console.error(`Error getting event by ID req.params.id:,error,...)\n', PosixPath('server/routes.ts'), 'config..semgrep.vendored-rules.javascript.lang.security.audit.unsafe-formatstring') match_id = 29c0ba3f8f453d4bd5d7e1fbd1b0ee3e6d350bd95202385fa004f0c823bb67a3f238b4a9ae3e39a14a4e4765b7cfbbc237042238bd14b56e2f91497efa10d5c7_0
2025-06-05 16:15:29,448 - semgrep.rule_match - DEBUG - match_key = ('"..." + "..."\n $X + $Y $X.concat($Y) `...${...}...`\n $X.concat("...")\n `Error getting event by ID req.params.id: $UTIL = require(\'util\')\n...\n $UTIL.format(`Error getting event by ID req.params.id:,error,...)\n console.error(`Error getting event by ID req.params.id:,error,...)\n', PosixPath('server/routes.ts'), 'config..semgrep.vendored-rules.javascript.lang.security.audit.unsafe-formatstring') match_id = 29c0ba3f8f453d4bd5d7e1fbd1b0ee3e6d350bd95202385fa004f0c823bb67a3f238b4a9ae3e39a14a4e4765b7cfbbc237042238bd14b56e2f91497efa10d5c7_0
2025-06-05 16:15:29,449 - semgrep.rule_match - DEBUG - match_key = ('"..." + "..."\n $X + $Y $X.concat($Y) `...${...}...`\n $X.concat("...")\n `Error getting event by ID req.params.id: $UTIL = require(\'util\')\n...\n $UTIL.format(`Error getting event by ID req.params.id:,error,...)\n console.error(`Error getting event by ID req.params.id:,error,...)\n', PosixPath('server/routes.ts'), 'config..semgrep.vendored-rules.javascript.lang.security.audit.unsafe-formatstring') match_id = 29c0ba3f8f453d4bd5d7e1fbd1b0ee3e6d350bd95202385fa004f0c823bb67a3f238b4a9ae3e39a14a4e4765b7cfbbc237042238bd14b56e2f91497efa10d5c7_0
2025-06-05 16:15:29,450 - semgrep.rule_match - DEBUG - match_key = ('', PosixPath('server/storage.ts'), 'config..semgrep.vendored-rules.javascript.lang.security.audit.unsafe-formatstring') match_id = 35769e1779f9335583c9ca24d934fa0c230e02acf2de975e8cbcb2f396ae816fd7b003203dc97d48dfee5c4cba20904749f2b31fa0f6544b5c881a424d309885_0
2025-06-05 16:15:29,451 - semgrep.rule_match - DEBUG - match_key = ('"..." + "..."\n $X + $Y $X.concat($Y) `...${...}...`\n $X.concat("...")\n `Invalid date for field: $UTIL = require(\'util\')\n...\n $UTIL.format(`Invalid date for field:,dateValue,...)\n console.error(`Invalid date for field:,dateValue,...)\n', PosixPath('server/storage.ts'), 'config..semgrep.vendored-rules.javascript.lang.security.audit.unsafe-formatstring') match_id = ec0bc896b3c54532395a9d6ae905c730ca068f5807886a2dc8f48a35ee87cfb36f4f4e77e2cccb7beffc14f052f7ac1f9380503a8c6a80c6b1a97754a8d6daae_0
2025-06-05 16:15:29,451 - semgrep.rule_match - DEBUG - match_key = ('"..." + "..."\n $X + $Y $X.concat($Y) `...${...}...`\n $X.concat("...")\n `Invalid date for field: $UTIL = require(\'util\')\n...\n $UTIL.format(`Invalid date for field:,dateValue,...)\n console.error(`Invalid date for field:,dateValue,...)\n', PosixPath('server/storage.ts'), 'config..semgrep.vendored-rules.javascript.lang.security.audit.unsafe-formatstring') match_id = ec0bc896b3c54532395a9d6ae905c730ca068f5807886a2dc8f48a35ee87cfb36f4f4e77e2cccb7beffc14f052f7ac1f9380503a8c6a80c6b1a97754a8d6daae_0
2025-06-05 16:15:29,452 - semgrep.rule_match - DEBUG - match_key = ('"..." + "..."\n $X + $Y $X.concat($Y) `...${...}...`\n $X.concat("...")\n `Invalid date for field: $UTIL = require(\'util\')\n...\n $UTIL.format(`Invalid date for field:,dateValue,...)\n console.error(`Invalid date for field:,dateValue,...)\n', PosixPath('server/storage.ts'), 'config..semgrep.vendored-rules.javascript.lang.security.audit.unsafe-formatstring') match_id = ec0bc896b3c54532395a9d6ae905c730ca068f5807886a2dc8f48a35ee87cfb36f4f4e77e2cccb7beffc14f052f7ac1f9380503a8c6a80c6b1a97754a8d6daae_0
2025-06-05 16:15:29,454 - semgrep.core_runner - DEBUG - semgrep ran in 0:00:20.639670 on 160 files
2025-06-05 16:15:29,455 - semgrep.core_runner - DEBUG - findings summary: 1 warning, 0 error, 10 info
2025-06-05 16:15:29,458 - semgrep.app.auth - DEBUG - Getting API token from settings file
2025-06-05 16:15:29,458 - semgrep.app.auth - DEBUG - No API token found in settings file
2025-06-05 16:15:29,458 - semgrep.semgrep_core - DEBUG - Failed to open resource semgrep-core-proprietary: [Errno 2] No such file or directory: '/tmp/_MEI1z2raC/semgrep/bin/semgrep-core-proprietary'.
2025-06-05 16:15:29,572 - semgrep.output - VERBOSE - 
========================================
Files skipped:
========================================

  Always skipped by Opengrep:

   • <none>

  Skipped by .gitignore:
  (Disable by passing --no-git-ignore)

   • <all files not listed by `git ls-files` were skipped>

  Skipped by .semgrepignore:
  - https://semgrep.dev/docs/ignoring-files-folders-code/#understand-semgrep-defaults

   • <none>

  Skipped by --include patterns:

   • <none>

  Skipped by --exclude patterns:

   • <none>

  Files skipped due to insufficient read permissions:

   • <none>

  Skipped by limiting to files smaller than 1000000 bytes:
  (Adjust with the --max-target-bytes flag)

   • <none>

  Partially analyzed due to parsing or internal Opengrep errors

   • tailwind.config.ts (1 lines skipped)

2025-06-05 16:15:29,573 - semgrep.output - INFO - Some files were skipped or only partially analyzed.
  Scan was limited to files tracked by git.
  Partially scanned: 1 files only partially analyzed due to parsing or internal Opengrep errors

Ran 435 rules on 160 files: 11 findings.
2025-06-05 16:15:29,573 - semgrep.app.version - DEBUG - Version cache does not exist
2025-06-05 16:15:29,587 - semgrep.metrics - VERBOSE - Not sending pseudonymous metrics since metrics are configured to OFF and registry usage is False
